Arguments: 
  /usr/local/bin/node /usr/local/Cellar/yarn/1.6.0/libexec/bin/yarn.js add --dev eslint

PATH: 
  /Users/preaw.dev/Downloads/google-cloud-sdk/bin:/Applications/XAMPP/xamppfiles/bin:/Users/preaw.dev/Library/Android/sdk//tools:/Users/preaw.dev/Library/Android/sdk//platform-tools:/Library/Java/JavaVirtualMachines/jdk1.8.0_151.jdk/Contents/Home/bin:/usr/local/mysql/bin:/usr/local/bin:/usr/bin:/bin:/usr/sbin:/sbin:/usr/local/go/bin:/usr/local/share/dotnet:/Library/Frameworks/Mono.framework/Versions/Current/Commands:/Library/gradle/gradle-3.2/bin

Yarn version: 
  1.6.0

Node version: 
  9.2.0

Platform: 
  darwin x64

Trace: 
  SyntaxError: /Users/preaw.dev/Documents/โปรเจคจบ/FunnyDevSystem/FunnyDev_Back/package.json: Unexpected string in JSON at position 271
      at JSON.parse (<anonymous>)
      at /usr/local/Cellar/yarn/1.6.0/libexec/lib/cli.js:1130:59
      at Generator.next (<anonymous>)
      at step (/usr/local/Cellar/yarn/1.6.0/libexec/lib/cli.js:98:30)
      at /usr/local/Cellar/yarn/1.6.0/libexec/lib/cli.js:109:13
      at <anonymous>

npm manifest: 
  {
    "name": "Back-End-ProJ",
    "version": "1.0.0",
    "description": "Back-End For ProJ Stat",
    "main": "index.js",
    "license": "MIT",
    "scripts": {
      "start": "nodemon --require babel-register server.js",
      "test": "mocha --require babel-register test/*.js"
    }
    "dependencies": {
      "babel-cli": "^6.26.0",
      "babel-core": "^6.26.3",
      "babel-loader": "^7.1.4",
      "babel-plugin-transform-object-rest-spread": "^6.26.0",
      "babel-preset-env": "^1.7.0",
      "babel-register": "^6.26.0",
      "body-parser": "^1.18.3",
      "chai": "^4.1.2",
      "chai-http": "^4.0.0",
      "compression": "^1.7.2",
      "cors": "^2.8.4",
      "dotenv": "^6.0.0",
      "express": "^4.16.3",
      "express-myconnection": "^1.0.4",
      "fs": "^0.0.1-security",
      "mocha": "^5.2.0",
      "mocha-jenkins-reporter": "^0.3.12",
      "mysql": "^2.15.0",
      "net": "^1.0.2",
      "nodemon": "^1.17.5",
      "supertest": "^3.1.0",
      "webpack": "^4.10.2",
      "webpack-cli": "^3.0.1",
      "webpack-dev-server": "^3.1.4"
    },
    "devDependencies": {
      "eslint-config-standard": "^11.0.0",
      "eslint-plugin-import": "^2.13.0",
      "eslint-plugin-node": "^7.0.1",
      "eslint-plugin-promise": "^3.8.0",
      "eslint-plugin-standard": "^3.1.0"
    }
  }

yarn manifest: 
  No manifest

Lockfile: 
  No lockfile
